<?xml version="1.0" encoding="UTF-8"?>
<!-- Generated by org.testng.reporters.JUnitReportReporter -->
<testsuite hostname="DESKTOP-OU10O0D" failures="0" tests="1" name="Textngpackage.Facebook" time="0.008" errors="0" timestamp="2024-02-20T10:35:35 IST" skipped="0">
  <testcase classname="Textngpackage.Facebook" name="test" time="0.008"/>
  <system-out/>
</testsuite> <!-- Textngpackage.Facebook -->
