<?xml version="1.0" encoding="UTF-8"?>
<!-- Generated by org.testng.reporters.JUnitReportReporter -->
<testsuite hostname="DESKTOP-OU10O0D" failures="0" tests="1" name="Textngpackage.Popupoff" time="34.362" errors="0" timestamp="2024-02-28T10:48:34 IST" skipped="0">
  <testcase classname="Textngpackage.Popupoff" name="popup" time="34.362"/>
  <system-out/>
</testsuite> <!-- Textngpackage.Popupoff -->
