<?xml version="1.0" encoding="UTF-8"?>
<!-- Generated by org.testng.reporters.JUnitReportReporter -->
<testsuite hostname="DESKTOP-OU10O0D" failures="0" tests="1" name="Textngpackage.Datepicker" time="3.152" errors="0" timestamp="2024-03-01T10:58:28 IST" skipped="0">
  <testcase classname="Textngpackage.Datepicker" name="datepick" time="3.152"/>
  <system-out/>
</testsuite> <!-- Textngpackage.Datepicker -->
