<?xml version="1.0" encoding="UTF-8"?>
<!-- Generated by org.testng.reporters.JUnitReportReporter -->
<testsuite hostname="DESKTOP-OU10O0D" failures="0" tests="1" name="Textngpackage.Fileuploadrobortclass" time="5.232" errors="0" timestamp="2024-02-23T20:17:52 IST" skipped="0">
  <testcase classname="Textngpackage.Fileuploadrobortclass" name="fileupload" time="5.232"/>
  <system-out/>
</testsuite> <!-- Textngpackage.Fileuploadrobortclass -->
