<?xml version="1.0" encoding="UTF-8"?>
<!-- Generated by org.testng.reporters.JUnitReportReporter -->
<testsuite hostname="DESKTOP-OU10O0D" failures="0" tests="1" name="Testpkg.Fblogintest" time="0.202" errors="0" timestamp="2024-03-06T19:10:13 IST" skipped="0">
  <testcase classname="Testpkg.Fblogintest" name="test" time="0.202"/>
  <system-out/>
</testsuite> <!-- Testpkg.Fblogintest -->
