<?xml version="1.0" encoding="UTF-8"?>
<!-- Generated by org.testng.reporters.JUnitReportReporter -->
<testsuite hostname="DESKTOP-OU10O0D" failures="0" tests="5" name="Textngpackage.Reddif" time="6.837" errors="0" timestamp="2024-02-16T20:26:15 IST" skipped="0">
  <testcase classname="Textngpackage.Reddif" name="createaccountenable" time="0.919"/>
  <system-out/>
  <testcase classname="Textngpackage.Reddif" name="contentverification" time="3.234"/>
  <system-out/>
  <testcase classname="Textngpackage.Reddif" name="titleverification" time="1.092"/>
  <system-out/>
  <testcase classname="Textngpackage.Reddif" name="buttontextverification" time="0.828"/>
  <system-out/>
  <testcase classname="Textngpackage.Reddif" name="logo" time="0.764"/>
  <system-out/>
</testsuite> <!-- Textngpackage.Reddif -->
