<?xml version="1.0" encoding="UTF-8"?>
<!-- Generated by org.testng.reporters.JUnitReportReporter -->
<testsuite hostname="DESKTOP-OU10O0D" failures="0" tests="1" name="Textngpackage.Datadriven" time="23.687" errors="0" timestamp="2024-02-26T20:29:08 IST" skipped="0">
  <testcase classname="Textngpackage.Datadriven" name="datadriven" time="23.687"/>
  <system-out/>
</testsuite> <!-- Textngpackage.Datadriven -->
