<?xml version="1.0" encoding="UTF-8"?>
<!-- Generated by org.testng.reporters.JUnitReportReporter -->
<testsuite hostname="DESKTOP-OU10O0D" failures="0" tests="1" name="Textngpackage.Scrolldown" time="8.370" errors="0" timestamp="2024-02-28T10:29:08 IST" skipped="0">
  <testcase classname="Textngpackage.Scrolldown" name="scrolldown" time="8.370"/>
  <system-out/>
</testsuite> <!-- Textngpackage.Scrolldown -->
