<?xml version="1.0" encoding="UTF-8"?>
<!-- Generated by org.testng.reporters.JUnitReportReporter -->
<testsuite hostname="DESKTOP-OU10O0D" failures="0" tests="1" name="Textngpackage.Copypaste" time="0.088" errors="0" timestamp="2024-02-21T09:49:25 IST" skipped="0">
  <testcase classname="Textngpackage.Copypaste" name="copypaste" time="0.088"/>
  <system-out/>
</testsuite> <!-- Textngpackage.Copypaste -->
