<?xml version="1.0" encoding="UTF-8"?>
<!-- Generated by org.testng.reporters.JUnitReportReporter -->
<testsuite hostname="DESKTOP-OU10O0D" failures="0" tests="3" name="Textngpackage.Testngdemo" time="0.007" errors="0" timestamp="2024-02-15T19:22:25 IST" skipped="0">
  <testcase classname="Textngpackage.Testngdemo" name="test2" time="0.002"/>
  <system-out/>
  <testcase classname="Textngpackage.Testngdemo" name="test1" time="0.004"/>
  <system-out/>
  <testcase classname="Textngpackage.Testngdemo" name="test3" time="0.001"/>
  <system-out/>
</testsuite> <!-- Textngpackage.Testngdemo -->
