<?xml version="1.0" encoding="UTF-8"?>
<!-- Generated by org.testng.reporters.JUnitReportReporter -->
<testsuite hostname="DESKTOP-OU10O0D" failures="0" tests="1" name="Textngpackage.Parameterisation" time="0.007" errors="0" timestamp="2024-02-20T10:08:10 IST" skipped="0">
  <testcase classname="Textngpackage.Parameterisation" name="test" time="0.007"/>
  <system-out/>
</testsuite> <!-- Textngpackage.Parameterisation -->
