<?xml version="1.0" encoding="UTF-8"?>
<!-- Generated by org.testng.reporters.JUnitReportReporter -->
<testsuite hostname="DESKTOP-OU10O0D" failures="0" tests="1" name="Textngpackage.Fileupload" time="0.193" errors="0" timestamp="2024-02-22T10:48:57 IST" skipped="0">
  <testcase classname="Textngpackage.Fileupload" name="fileupload" time="0.193"/>
  <system-out/>
</testsuite> <!-- Textngpackage.Fileupload -->
